#
# There is insufficient memory for the Java Runtime Environment to continue.
# Native memory allocation (malloc) failed to allocate 32744 bytes for ChunkPool::allocate
# Possible reasons:
#   The system is out of physical RAM or swap space
#   The process is running with CompressedOops enabled, and the Java Heap may be blocking the growth of the native heap
# Possible solutions:
#   Reduce memory load on the system
#   Increase physical memory or swap space
#   Check if swap backing store is full
#   Decrease Java heap size (-Xmx/-Xms)
#   Decrease number of Java threads
#   Decrease Java thread stack sizes (-Xss)
#   Set larger code cache with -XX:ReservedCodeCacheSize=
#   JVM is running with Unscaled Compressed Oops mode in which the Java heap is
#     placed in the first 4GB address space. The Java Heap base address is the
#     maximum limit for the native heap growth. Please use -XX:HeapBaseMinAddress
#     to set the Java Heap base and to place the Java Heap above 4GB virtual address.
# This output file may be truncated or incomplete.
#
#  Out of Memory Error (allocation.cpp:272), pid=7260, tid=0x00000000000012e8
#
# JRE version: Java(TM) SE Runtime Environment (8.0_202-b08) (build 1.8.0_202-b08)
# Java VM: Java HotSpot(TM) 64-Bit Server VM (25.202-b08 mixed mode windows-amd64 compressed oops)
# Failed to write core dump. Minidumps are not enabled by default on client versions of Windows
#

---------------  T H R E A D  ---------------

Current thread (0x0000000019269800):  JavaThread "C2 CompilerThread1" daemon [_thread_in_native, id=4840, stack(0x0000000019770000,0x0000000019870000)]

Stack: [0x0000000019770000,0x0000000019870000]
[error occurred during error reporting (printing stack bounds), id 0xc0000005]

Native frames: (J=compiled Java code, j=interpreted, Vv=VM code, C=native code)


Current CompileTask:
C2:  13472 2493       4      
[error occurred during error reporting (printing current compile task), id 0xe0000001]


---------------  P R O C E S S  ---------------

Java Threads: ( => current thread )
  0x000000001a1b3000 JavaThread "Prism Font Disposer" daemon [_thread_blocked, id=19764, stack(0x0000000024e80000,0x0000000024f80000)]
  0x000000001a516800 JavaThread "Thread-5" daemon [_thread_in_native, id=12348, stack(0x0000000020b60000,0x0000000020c60000)]
  0x000000001a4f9800 JavaThread "JavaFX Application Thread" [_thread_in_Java, id=21308, stack(0x000000001c2a0000,0x000000001c3a0000)]
  0x000000001a3d0000 JavaThread "Thread-4" daemon [_thread_blocked, id=9936, stack(0x000000001c1a0000,0x000000001c2a0000)]
  0x000000001a3b8800 JavaThread "QuantumRenderer-0" daemon [_thread_blocked, id=9348, stack(0x000000001bf80000,0x000000001c080000)]
  0x000000001a363000 JavaThread "JavaFX-Launcher" [_thread_blocked, id=19276, stack(0x000000001bb40000,0x000000001bc40000)]
  0x0000000019fb0800 JavaThread "derby.rawStoreDaemon" daemon [_thread_blocked, id=17236, stack(0x000000001b440000,0x000000001b540000)]
  0x000000001a1b4800 JavaThread "Timer-0" daemon [_thread_blocked, id=3896, stack(0x000000001b340000,0x000000001b440000)]
  0x00000000192ad000 JavaThread "Service Thread" daemon [_thread_blocked, id=3196, stack(0x0000000019970000,0x0000000019a70000)]
  0x0000000019286000 JavaThread "C1 CompilerThread2" daemon [_thread_blocked, id=18716, stack(0x0000000019870000,0x0000000019970000)]
=>0x0000000019269800 JavaThread "C2 CompilerThread1" daemon [_thread_in_native, id=4840, stack(0x0000000019770000,0x0000000019870000)]
  0x00000000191f4000 JavaThread "C2 CompilerThread0" daemon [_thread_in_native, id=19560, stack(0x0000000019670000,0x0000000019770000)]
  0x0000000017c5e000 JavaThread "Monitor Ctrl-Break" daemon [_thread_in_native, id=2896, stack(0x0000000019570000,0x0000000019670000)]
  0x0000000018fb3800 JavaThread "Attach Listener" daemon [_thread_blocked, id=12652, stack(0x0000000019470000,0x0000000019570000)]
  0x0000000017c14800 JavaThread "Signal Dispatcher" daemon [_thread_blocked, id=1532, stack(0x0000000019370000,0x0000000019470000)]
  0x0000000003129800 JavaThread "Finalizer" daemon [_thread_blocked, id=13108, stack(0x0000000018e70000,0x0000000018f70000)]
  0x0000000003126000 JavaThread "Reference Handler" daemon [_thread_blocked, id=14396, stack(0x0000000018d70000,0x0000000018e70000)]
  0x0000000003036000 JavaThread "main" [_thread_blocked, id=3268, stack(0x0000000002e30000,0x0000000002f30000)]

Other Threads:
  0x0000000017bc7800 VMThread [stack: 0x0000000018c70000,0x0000000018d70000] [id=13688]
  0x000000001931c000 WatcherThread [stack: 0x0000000019a70000,0x0000000019b70000] [id=2536]

VM state:not at safepoint (normal execution)

VM Mutex/Monitor currently owned by a thread: None

heap address: 0x0000000082200000, size: 2014 MB, Compressed Oops mode: 32-bit
Narrow klass base: 0x0000000000000000, Narrow klass shift: 3
Compressed class space size: 1073741824 Address: 0x0000000100000000

Heap:
 PSYoungGen      total 37888K, used 26234K [0x00000000d6100000, 0x00000000d8b00000, 0x0000000100000000)
  eden space 32768K, 68% used [0x00000000d6100000,0x00000000d76c7fa8,0x00000000d8100000)
  from space 5120K, 76% used [0x00000000d8600000,0x00000000d89d6af8,0x00000000d8b00000)
  to   space 5120K, 0% used [0x00000000d8100000,0x00000000d8100000,0x00000000d8600000)
 ParOldGen       total 361984K, used 287683K [0x0000000082200000, 0x0000000098380000, 0x00000000d6100000)
  object space 361984K, 79% used [0x0000000082200000,0x0000000093af0c68,0x0000000098380000)
 Metaspace       used 26516K, capacity 27366K, committed 27568K, reserved 1073152K
  class space    used 3619K, capacity 3946K, committed 4016K, reserved 1048576K

Card table byte_map: [0x00000000124f0000,0x00000000128e0000] byte_map_base: 0x00000000120df000

Marking Bits: (ParMarkBitMap*) 0x0000000068385ce0
 Begin Bits: [0x0000000012f80000, 0x0000000014ef8000)
 End Bits:   [0x0000000014ef8000, 0x0000000016e70000)

Polling page: 0x0000000000bd0000

CodeCache: size=245760Kb used=7956Kb max_used=7956Kb free=237803Kb
 bounds [0x0000000003130000, 0x0000000003900000, 0x0000000012130000]
 total_blobs=3355 nmethods=2487 adapters=779
 compilation: enabled

Compilation events (10 events):
Event: 13.417 Thread 0x0000000019286000 2495       3       javafx.fxml.FXMLLoader$Element::processAttribute (303 bytes)
Event: 13.419 Thread 0x0000000019269800 nmethod 2491 0x00000000038f5e90 code [0x00000000038f5fe0, 0x00000000038f6478]
Event: 13.420 Thread 0x0000000019269800 2493       4       java.lang.Class::privateGetMethodRecursive (130 bytes)
Event: 13.421 Thread 0x0000000019286000 nmethod 2495 0x00000000038f67d0 code [0x00000000038f6ce0, 0x00000000038f9e58]
Event: 13.422 Thread 0x0000000019286000 2498       3       com.sun.javafx.collections.VetoableListDecorator::size (10 bytes)
Event: 13.422 Thread 0x0000000019286000 nmethod 2498 0x00000000038ee910 code [0x00000000038eea80, 0x00000000038eeca8]
Event: 13.423 Thread 0x0000000019286000 2496       3       javafx.scene.Node::getClip (21 bytes)
Event: 13.423 Thread 0x0000000019286000 nmethod 2496 0x00000000038f5690 code [0x00000000038f5820, 0x00000000038f5d28]
Event: 13.423 Thread 0x0000000019286000 2499       1       java.util.Collections$SingletonList::size (2 bytes)
Event: 13.423 Thread 0x0000000019286000 nmethod 2499 0x0000000003245990 code [0x0000000003245ae0, 0x0000000003245bf0]

GC Heap History (10 events):
Event: 2.008 GC heap before
{Heap before GC invocations=1 (full 0):
 PSYoungGen      total 37888K, used 32768K [0x00000000d6100000, 0x00000000d8b00000, 0x0000000100000000)
  eden space 32768K, 100% used [0x00000000d6100000,0x00000000d8100000,0x00000000d8100000)
  from space 5120K, 0% used [0x00000000d8600000,0x00000000d8600000,0x00000000d8b00000)
  to   space 5120K, 0% used [0x00000000d8100000,0x00000000d8100000,0x00000000d8600000)
 ParOldGen       total 86016K, used 0K [0x0000000082200000, 0x0000000087600000, 0x00000000d6100000)
  object space 86016K, 0% used [0x0000000082200000,0x0000000082200000,0x0000000087600000)
 Metaspace       used 10041K, capacity 10140K, committed 10496K, reserved 1058816K
  class space    used 1183K, capacity 1202K, committed 1280K, reserved 1048576K
Event: 2.016 GC heap after
Heap after GC invocations=1 (full 0):
 PSYoungGen      total 37888K, used 4717K [0x00000000d6100000, 0x00000000d8b00000, 0x0000000100000000)
  eden space 32768K, 0% used [0x00000000d6100000,0x00000000d6100000,0x00000000d8100000)
  from space 5120K, 92% used [0x00000000d8100000,0x00000000d859b688,0x00000000d8600000)
  to   space 5120K, 0% used [0x00000000d8600000,0x00000000d8600000,0x00000000d8b00000)
 ParOldGen       total 86016K, used 8K [0x0000000082200000, 0x0000000087600000, 0x00000000d6100000)
  object space 86016K, 0% used [0x0000000082200000,0x0000000082202000,0x0000000087600000)
 Metaspace       used 10041K, capacity 10140K, committed 10496K, reserved 1058816K
  class space    used 1183K, capacity 1202K, committed 1280K, reserved 1048576K
}
Event: 4.218 GC heap before
{Heap before GC invocations=2 (full 0):
 PSYoungGen      total 37888K, used 37485K [0x00000000d6100000, 0x00000000d8b00000, 0x0000000100000000)
  eden space 32768K, 100% used [0x00000000d6100000,0x00000000d8100000,0x00000000d8100000)
  from space 5120K, 92% used [0x00000000d8100000,0x00000000d859b688,0x00000000d8600000)
  to   space 5120K, 0% used [0x00000000d8600000,0x00000000d8600000,0x00000000d8b00000)
 ParOldGen       total 86016K, used 8K [0x0000000082200000, 0x0000000087600000, 0x00000000d6100000)
  object space 86016K, 0% used [0x0000000082200000,0x0000000082202000,0x0000000087600000)
 Metaspace       used 15587K, capacity 15878K, committed 16128K, reserved 1062912K
  class space    used 1830K, capacity 1984K, committed 2048K, reserved 1048576K
Event: 4.230 GC heap after
Heap after GC invocations=2 (full 0):
 PSYoungGen      total 37888K, used 5112K [0x00000000d6100000, 0x00000000d8b00000, 0x0000000100000000)
  eden space 32768K, 0% used [0x00000000d6100000,0x00000000d6100000,0x00000000d8100000)
  from space 5120K, 99% used [0x00000000d8600000,0x00000000d8afe060,0x00000000d8b00000)
  to   space 5120K, 0% used [0x00000000d8100000,0x00000000d8100000,0x00000000d8600000)
 ParOldGen       total 86016K, used 2743K [0x0000000082200000, 0x0000000087600000, 0x00000000d6100000)
  object space 86016K, 3% used [0x0000000082200000,0x00000000824adcf0,0x0000000087600000)
 Metaspace       used 15587K, capacity 15878K, committed 16128K, reserved 1062912K
  class space    used 1830K, capacity 1984K, committed 2048K, reserved 1048576K
}
Event: 5.536 GC heap before
{Heap before GC invocations=3 (full 0):
 PSYoungGen      total 37888K, used 21043K [0x00000000d6100000, 0x00000000d8b00000, 0x0000000100000000)
  eden space 32768K, 48% used [0x00000000d6100000,0x00000000d708ec80,0x00000000d8100000)
  from space 5120K, 99% used [0x00000000d8600000,0x00000000d8afe060,0x00000000d8b00000)
  to   space 5120K, 0% used [0x00000000d8100000,0x00000000d8100000,0x00000000d8600000)
 ParOldGen       total 226816K, used 143368K [0x0000000082200000, 0x000000008ff80000, 0x00000000d6100000)
  object space 226816K, 63% used [0x0000000082200000,0x000000008ae02100,0x000000008ff80000)
 Metaspace       used 20678K, capacity 21166K, committed 21296K, reserved 1067008K
  class space    used 2582K, capacity 2817K, committed 2864K, reserved 1048576K
Event: 5.542 GC heap after
Heap after GC invocations=3 (full 0):
 PSYoungGen      total 37888K, used 5112K [0x00000000d6100000, 0x00000000d8b00000, 0x0000000100000000)
  eden space 32768K, 0% used [0x00000000d6100000,0x00000000d6100000,0x00000000d8100000)
  from space 5120K, 99% used [0x00000000d8100000,0x00000000d85fe080,0x00000000d8600000)
  to   space 5120K, 0% used [0x00000000d8600000,0x00000000d8600000,0x00000000d8b00000)
 ParOldGen       total 226816K, used 144628K [0x0000000082200000, 0x000000008ff80000, 0x00000000d6100000)
  object space 226816K, 63% used [0x0000000082200000,0x000000008af3d318,0x000000008ff80000)
 Metaspace       used 20678K, capacity 21166K, committed 21296K, reserved 1067008K
  class space    used 2582K, capacity 2817K, committed 2864K, reserved 1048576K
}
Event: 5.542 GC heap before
{Heap before GC invocations=4 (full 1):
 PSYoungGen      total 37888K, used 5112K [0x00000000d6100000, 0x00000000d8b00000, 0x0000000100000000)
  eden space 32768K, 0% used [0x00000000d6100000,0x00000000d6100000,0x00000000d8100000)
  from space 5120K, 99% used [0x00000000d8100000,0x00000000d85fe080,0x00000000d8600000)
  to   space 5120K, 0% used [0x00000000d8600000,0x00000000d8600000,0x00000000d8b00000)
 ParOldGen       total 226816K, used 144628K [0x0000000082200000, 0x000000008ff80000, 0x00000000d6100000)
  object space 226816K, 63% used [0x0000000082200000,0x000000008af3d318,0x000000008ff80000)
 Metaspace       used 20678K, capacity 21166K, committed 21296K, reserved 1067008K
  class space    used 2582K, capacity 2817K, committed 2864K, reserved 1048576K
Event: 5.586 GC heap after
Heap after GC invocations=4 (full 1):
 PSYoungGen      total 37888K, used 0K [0x00000000d6100000, 0x00000000d8b00000, 0x0000000100000000)
  eden space 32768K, 0% used [0x00000000d6100000,0x00000000d6100000,0x00000000d8100000)
  from space 5120K, 0% used [0x00000000d8100000,0x00000000d8100000,0x00000000d8600000)
  to   space 5120K, 0% used [0x00000000d8600000,0x00000000d8600000,0x00000000d8b00000)
 ParOldGen       total 221184K, used 146903K [0x0000000082200000, 0x000000008fa00000, 0x00000000d6100000)
  object space 221184K, 66% used [0x0000000082200000,0x000000008b175e40,0x000000008fa00000)
 Metaspace       used 20678K, capacity 21166K, committed 21296K, reserved 1067008K
  class space    used 2582K, capacity 2817K, committed 2864K, reserved 1048576K
}
Event: 13.342 GC heap before
{Heap before GC invocations=5 (full 1):
 PSYoungGen      total 37888K, used 26859K [0x00000000d6100000, 0x00000000d8b00000, 0x0000000100000000)
  eden space 32768K, 81% used [0x00000000d6100000,0x00000000d7b3ae78,0x00000000d8100000)
  from space 5120K, 0% used [0x00000000d8100000,0x00000000d8100000,0x00000000d8600000)
  to   space 5120K, 0% used [0x00000000d8600000,0x00000000d8600000,0x00000000d8b00000)
 ParOldGen       total 361984K, used 287675K [0x0000000082200000, 0x0000000098380000, 0x00000000d6100000)
  object space 361984K, 79% used [0x0000000082200000,0x0000000093aeec68,0x0000000098380000)
 Metaspace       used 26511K, capacity 27366K, committed 27568K, reserved 1073152K
  class space    used 3619K, capacity 3946K, committed 4016K, reserved 1048576K
Event: 13.358 GC heap after
Heap after GC invocations=5 (full 1):
 PSYoungGen      total 37888K, used 3930K [0x00000000d6100000, 0x00000000d8b00000, 0x0000000100000000)
  eden space 32768K, 0% used [0x00000000d6100000,0x00000000d6100000,0x00000000d8100000)
  from space 5120K, 76% used [0x00000000d8600000,0x00000000d89d6af8,0x00000000d8b00000)
  to   space 5120K, 0% used [0x00000000d8100000,0x00000000d8100000,0x00000000d8600000)
 ParOldGen       total 361984K, used 287683K [0x0000000082200000, 0x0000000098380000, 0x00000000d6100000)
  object space 361984K, 79% used [0x0000000082200000,0x0000000093af0c68,0x0000000098380000)
 Metaspace       used 26511K, capacity 27366K, committed 27568K, reserved 1073152K
  class space    used 3619K, capacity 3946K, committed 4016K, reserved 1048576K
}

Deoptimization events (10 events):
Event: 7.460 Thread 0x000000001a4f9800 Uncommon trap: reason=unstable_if action=reinterpret pc=0x0000000003725650 method=java.util.HashMap.hash(Ljava/lang/Object;)I @ 1
Event: 7.503 Thread 0x000000001a3b8800 Uncommon trap: reason=bimorphic action=maybe_recompile pc=0x00000000036e95a0 method=java.io.BufferedInputStream.read1([BII)I @ 39
Event: 7.503 Thread 0x000000001a3b8800 Uncommon trap: reason=unstable_if action=reinterpret pc=0x00000000036e9484 method=java.io.BufferedInputStream.fill()V @ 219
Event: 13.011 Thread 0x000000001a4f9800 Uncommon trap: reason=range_check action=make_not_entrant pc=0x00000000037ffbe0 method=sun.reflect.generics.parser.SignatureParser.current()C @ 34
Event: 13.153 Thread 0x000000001a4f9800 Uncommon trap: reason=unstable_if action=reinterpret pc=0x00000000035013fc method=org.apache.derby.impl.store.access.conglomerate.GenericScanController.fetchRows([[Lorg/apache/derby/iapi/types/DataValueDescriptor;[Lorg/apache/derby/iapi/types/RowLocation;
Event: 13.155 Thread 0x000000001a4f9800 Uncommon trap: reason=class_check action=maybe_recompile pc=0x000000000357b698 method=org.apache.derby.impl.jdbc.EmbedResultSet.getColumn(I)Lorg/apache/derby/iapi/types/DataValueDescriptor; @ 84
Event: 13.155 Thread 0x000000001a4f9800 Uncommon trap: reason=class_check action=maybe_recompile pc=0x000000000357b698 method=org.apache.derby.impl.jdbc.EmbedResultSet.getColumn(I)Lorg/apache/derby/iapi/types/DataValueDescriptor; @ 84
Event: 13.155 Thread 0x000000001a4f9800 Uncommon trap: reason=class_check action=maybe_recompile pc=0x000000000357b698 method=org.apache.derby.impl.jdbc.EmbedResultSet.getColumn(I)Lorg/apache/derby/iapi/types/DataValueDescriptor; @ 84
Event: 13.155 Thread 0x000000001a4f9800 Uncommon trap: reason=class_check action=maybe_recompile pc=0x000000000357b698 method=org.apache.derby.impl.jdbc.EmbedResultSet.getColumn(I)Lorg/apache/derby/iapi/types/DataValueDescriptor; @ 84
Event: 13.165 Thread 0x000000001a4f9800 Uncommon trap: reason=unstable_if action=reinterpret pc=0x000000000355d0d4 method=org.apache.derby.impl.sql.execute.BasicNoPutResultSetImpl.isClosed()Z @ 4

Classes redefined (0 events):
No events

Internal exceptions (10 events):
Event: 5.909 Thread 0x000000001a4f9800 Exception <a 'java/lang/ArrayIndexOutOfBoundsException'> (0x00000000d66d0260) thrown at [C:\re\workspace\8-2-build-windows-amd64-cygwin\jdk8u202\12323\hotspot\src\share\vm\runtime\sharedRuntime.cpp, line 605]
Event: 5.932 Thread 0x000000001a4f9800 Exception <a 'java/io/FileNotFoundException'> (0x00000000d67a3f80) thrown at [C:\re\workspace\8-2-build-windows-amd64-cygwin\jdk8u202\12323\hotspot\src\share\vm\prims\jni.cpp, line 710]
Event: 5.994 Thread 0x000000001a4f9800 Exception <a 'java/io/FileNotFoundException'> (0x00000000d6957470) thrown at [C:\re\workspace\8-2-build-windows-amd64-cygwin\jdk8u202\12323\hotspot\src\share\vm\prims\jni.cpp, line 710]
Event: 7.041 Thread 0x000000001a4f9800 Exception <a 'java/io/FileNotFoundException'> (0x00000000d6a0a108) thrown at [C:\re\workspace\8-2-build-windows-amd64-cygwin\jdk8u202\12323\hotspot\src\share\vm\prims\jni.cpp, line 710]
Event: 7.460 Thread 0x000000001a4f9800 Implicit null exception at 0x0000000003725435 to 0x0000000003725641
Event: 13.011 Thread 0x000000001a4f9800 Exception <a 'java/lang/ArrayIndexOutOfBoundsException': 58> (0x00000000d73ed120) thrown at [C:\re\workspace\8-2-build-windows-amd64-cygwin\jdk8u202\12323\hotspot\src\share\vm\interpreter\interpreterRuntime.cpp, line 368]
Event: 13.036 Thread 0x000000001a4f9800 Exception <a 'java/lang/ArrayIndexOutOfBoundsException': 57> (0x00000000d7462730) thrown at [C:\re\workspace\8-2-build-windows-amd64-cygwin\jdk8u202\12323\hotspot\src\share\vm\interpreter\interpreterRuntime.cpp, line 368]
Event: 13.255 Thread 0x000000001a4f9800 Exception <a 'java/io/FileNotFoundException'> (0x00000000d7905e38) thrown at [C:\re\workspace\8-2-build-windows-amd64-cygwin\jdk8u202\12323\hotspot\src\share\vm\prims\jni.cpp, line 710]
Event: 13.339 Thread 0x000000001a4f9800 Exception <a 'java/io/FileNotFoundException'> (0x00000000d7b255b0) thrown at [C:\re\workspace\8-2-build-windows-amd64-cygwin\jdk8u202\12323\hotspot\src\share\vm\prims\jni.cpp, line 710]
Event: 13.419 Thread 0x000000001a4f9800 Exception <a 'java/io/FileNotFoundException'> (0x00000000d6be01c8) thrown at [C:\re\workspace\8-2-build-windows-amd64-cygwin\jdk8u202\12323\hotspot\src\share\vm\prims\jni.cpp, line 710]

Events (10 events):
Event: 13.365 Executing VM operation: BulkRevokeBias done
Event: 13.365 Executing VM operation: RevokeBias
Event: 13.365 Executing VM operation: RevokeBias done
Event: 13.365 Executing VM operation: RevokeBias
Event: 13.365 Executing VM operation: RevokeBias done
Event: 13.365 Executing VM operation: RevokeBias
Event: 13.366 Executing VM operation: RevokeBias done
Event: 13.366 Executing VM operation: RevokeBias
Event: 13.366 Executing VM operation: RevokeBias done
Event: 13.413 Thread 0x0000000019286000 flushing nmethod 0x00000000032455d0


Dynamic libraries:
0x00007ff620d90000 - 0x00007ff620dc7000 	C:\Program Files\Java\jdk1.8.0_202\bin\java.exe
0x00007ff9d7ad0000 - 0x00007ff9d7cb1000 	C:\WINDOWS\SYSTEM32\ntdll.dll
0x00007ff9d7240000 - 0x00007ff9d72f1000 	C:\WINDOWS\System32\KERNEL32.DLL
0x00007ff9d3df0000 - 0x00007ff9d4063000 	C:\WINDOWS\System32\KERNELBASE.dll
0x00007ff9d53e0000 - 0x00007ff9d5481000 	C:\WINDOWS\System32\ADVAPI32.dll
0x00007ff9d4db0000 - 0x00007ff9d4e4e000 	C:\WINDOWS\System32\msvcrt.dll
0x00007ff9d54a0000 - 0x00007ff9d54fb000 	C:\WINDOWS\System32\sechost.dll
0x00007ff9d7660000 - 0x00007ff9d7784000 	C:\WINDOWS\System32\RPCRT4.dll
0x00007ff9d70b0000 - 0x00007ff9d7240000 	C:\WINDOWS\System32\USER32.dll
0x00007ff9d4b50000 - 0x00007ff9d4b70000 	C:\WINDOWS\System32\win32u.dll
0x00007ff9d7320000 - 0x00007ff9d7348000 	C:\WINDOWS\System32\GDI32.dll
0x00007ff9d3ba0000 - 0x00007ff9d3d32000 	C:\WINDOWS\System32\gdi32full.dll
0x00007ff9d4c50000 - 0x00007ff9d4cef000 	C:\WINDOWS\System32\msvcp_win.dll
0x00007ff9d4830000 - 0x00007ff9d4928000 	C:\WINDOWS\System32\ucrtbase.dll
0x00007ff9c1440000 - 0x00007ff9c16a9000 	C:\WINDOWS\WinSxS\amd64_microsoft.windows.common-controls_6595b64144ccf1df_6.0.17134.706_none_fb43a2cb30647007\COMCTL32.dll
0x00007ff9d4f40000 - 0x00007ff9d5262000 	C:\WINDOWS\System32\combase.dll
0x00007ff9d4bc0000 - 0x00007ff9d4c3a000 	C:\WINDOWS\System32\bcryptPrimitives.dll
0x00007ff9d79b0000 - 0x00007ff9d79dd000 	C:\WINDOWS\System32\IMM32.DLL
0x0000000068410000 - 0x00000000684e2000 	C:\Program Files\Java\jdk1.8.0_202\jre\bin\msvcr100.dll
0x0000000067b60000 - 0x0000000068405000 	C:\Program Files\Java\jdk1.8.0_202\jre\bin\server\jvm.dll
0x00007ff9d4b20000 - 0x00007ff9d4b43000 	C:\WINDOWS\System32\WINMM.dll
0x00007ff9d3b20000 - 0x00007ff9d3b4a000 	C:\WINDOWS\System32\WINMMBASE.dll
0x00007ff9d3d40000 - 0x00007ff9d3d89000 	C:\WINDOWS\System32\cfgmgr32.dll
0x00007ff9d53d0000 - 0x00007ff9d53d8000 	C:\WINDOWS\System32\PSAPI.DLL
0x00007ff9b8c50000 - 0x00007ff9b8c59000 	C:\WINDOWS\SYSTEM32\WSOCK32.dll
0x00007ff9d4ed0000 - 0x00007ff9d4f3c000 	C:\WINDOWS\System32\WS2_32.dll
0x00007ff9c61b0000 - 0x00007ff9c61ba000 	C:\WINDOWS\SYSTEM32\VERSION.dll
0x00007ff9cae40000 - 0x00007ff9cae4f000 	C:\Program Files\Java\jdk1.8.0_202\jre\bin\verify.dll
0x00007ff9bdc70000 - 0x00007ff9bdc99000 	C:\Program Files\Java\jdk1.8.0_202\jre\bin\java.dll
0x00007ff9b9990000 - 0x00007ff9b99b3000 	C:\Program Files\Java\jdk1.8.0_202\jre\bin\instrument.dll
0x00007ff9c3ff0000 - 0x00007ff9c4006000 	C:\Program Files\Java\jdk1.8.0_202\jre\bin\zip.dll
0x00007ff9d5ad0000 - 0x00007ff9d6f10000 	C:\WINDOWS\System32\SHELL32.dll
0x00007ff9d7450000 - 0x00007ff9d74f9000 	C:\WINDOWS\System32\shcore.dll
0x00007ff9d4120000 - 0x00007ff9d482d000 	C:\WINDOWS\System32\windows.storage.dll
0x00007ff9d79e0000 - 0x00007ff9d7a31000 	C:\WINDOWS\System32\shlwapi.dll
0x00007ff9d3b50000 - 0x00007ff9d3b61000 	C:\WINDOWS\System32\kernel.appcore.dll
0x00007ff9d3b00000 - 0x00007ff9d3b1f000 	C:\WINDOWS\System32\profapi.dll
0x00007ff9d4b70000 - 0x00007ff9d4bbc000 	C:\WINDOWS\System32\powrprof.dll
0x00007ff9d3b90000 - 0x00007ff9d3b9a000 	C:\WINDOWS\System32\FLTLIB.DLL
0x00007ff9cafd0000 - 0x00007ff9cafea000 	G:\Program Files\JetBrains\IntelliJ IDEA 2018.3.5\bin\breakgen64.dll
0x00007ff9c1b50000 - 0x00007ff9c1b6a000 	C:\Program Files\Java\jdk1.8.0_202\jre\bin\net.dll
0x00007ff9c7220000 - 0x00007ff9c73e8000 	C:\WINDOWS\SYSTEM32\urlmon.dll
0x00007ff9c75a0000 - 0x00007ff9c7846000 	C:\WINDOWS\SYSTEM32\iertutil.dll
0x00007ff9d34d0000 - 0x00007ff9d34db000 	C:\WINDOWS\SYSTEM32\CRYPTBASE.DLL
0x00007ff9d3300000 - 0x00007ff9d3366000 	C:\WINDOWS\system32\mswsock.dll
0x00007ff9c04f0000 - 0x00007ff9c04fd000 	C:\Program Files\Java\jdk1.8.0_202\jre\bin\management.dll
0x00007ff9bebe0000 - 0x00007ff9bebf2000 	C:\Program Files\Java\jdk1.8.0_202\jre\bin\nio.dll
0x0000000001180000 - 0x0000000001183000 	C:\Program Files\Java\jdk1.8.0_202\jre\bin\api-ms-win-core-console-l1-1-0.dll
0x00000000029a0000 - 0x00000000029a3000 	C:\Program Files\Java\jdk1.8.0_202\jre\bin\api-ms-win-core-datetime-l1-1-0.dll
0x00000000029b0000 - 0x00000000029b3000 	C:\Program Files\Java\jdk1.8.0_202\jre\bin\api-ms-win-core-debug-l1-1-0.dll
0x00000000029c0000 - 0x00000000029c3000 	C:\Program Files\Java\jdk1.8.0_202\jre\bin\api-ms-win-core-errorhandling-l1-1-0.dll
0x00000000029d0000 - 0x00000000029d4000 	C:\Program Files\Java\jdk1.8.0_202\jre\bin\api-ms-win-core-file-l1-1-0.dll
0x00000000029f0000 - 0x00000000029f3000 	C:\Program Files\Java\jdk1.8.0_202\jre\bin\api-ms-win-core-file-l1-2-0.dll
0x0000000002a00000 - 0x0000000002a03000 	C:\Program Files\Java\jdk1.8.0_202\jre\bin\api-ms-win-core-file-l2-1-0.dll
0x0000000002a10000 - 0x0000000002a13000 	C:\Program Files\Java\jdk1.8.0_202\jre\bin\api-ms-win-core-handle-l1-1-0.dll
0x0000000002a20000 - 0x0000000002a23000 	C:\Program Files\Java\jdk1.8.0_202\jre\bin\api-ms-win-core-heap-l1-1-0.dll
0x0000000002a30000 - 0x0000000002a33000 	C:\Program Files\Java\jdk1.8.0_202\jre\bin\api-ms-win-core-interlocked-l1-1-0.dll
0x0000000002a40000 - 0x0000000002a43000 	C:\Program Files\Java\jdk1.8.0_202\jre\bin\api-ms-win-core-libraryloader-l1-1-0.dll
0x0000000002a50000 - 0x0000000002a53000 	C:\Program Files\Java\jdk1.8.0_202\jre\bin\api-ms-win-core-localization-l1-2-0.dll
0x0000000002a60000 - 0x0000000002a63000 	C:\Program Files\Java\jdk1.8.0_202\jre\bin\api-ms-win-core-memory-l1-1-0.dll
0x0000000002a70000 - 0x0000000002a73000 	C:\Program Files\Java\jdk1.8.0_202\jre\bin\api-ms-win-core-namedpipe-l1-1-0.dll
0x0000000002a80000 - 0x0000000002a83000 	C:\Program Files\Java\jdk1.8.0_202\jre\bin\api-ms-win-core-processenvironment-l1-1-0.dll
0x0000000002a90000 - 0x0000000002a93000 	C:\Program Files\Java\jdk1.8.0_202\jre\bin\api-ms-win-core-processthreads-l1-1-0.dll
0x0000000002aa0000 - 0x0000000002aa3000 	C:\Program Files\Java\jdk1.8.0_202\jre\bin\api-ms-win-core-processthreads-l1-1-1.dll
0x0000000002ab0000 - 0x0000000002ab3000 	C:\Program Files\Java\jdk1.8.0_202\jre\bin\api-ms-win-core-profile-l1-1-0.dll
0x0000000002ac0000 - 0x0000000002ac3000 	C:\Program Files\Java\jdk1.8.0_202\jre\bin\api-ms-win-core-rtlsupport-l1-1-0.dll
0x0000000002ad0000 - 0x0000000002ad3000 	C:\Program Files\Java\jdk1.8.0_202\jre\bin\api-ms-win-core-string-l1-1-0.dll
0x000000001be40000 - 0x000000001be43000 	C:\Program Files\Java\jdk1.8.0_202\jre\bin\api-ms-win-core-synch-l1-1-0.dll
0x000000001be50000 - 0x000000001be53000 	C:\Program Files\Java\jdk1.8.0_202\jre\bin\api-ms-win-core-synch-l1-2-0.dll
0x000000001be60000 - 0x000000001be63000 	C:\Program Files\Java\jdk1.8.0_202\jre\bin\api-ms-win-core-sysinfo-l1-1-0.dll
0x000000001be70000 - 0x000000001be73000 	C:\Program Files\Java\jdk1.8.0_202\jre\bin\api-ms-win-core-timezone-l1-1-0.dll
0x000000001be80000 - 0x000000001be83000 	C:\Program Files\Java\jdk1.8.0_202\jre\bin\api-ms-win-core-util-l1-1-0.dll
0x000000001be90000 - 0x000000001be93000 	C:\Program Files\Java\jdk1.8.0_202\jre\bin\api-ms-win-crt-conio-l1-1-0.dll
0x000000001bea0000 - 0x000000001bea4000 	C:\Program Files\Java\jdk1.8.0_202\jre\bin\api-ms-win-crt-convert-l1-1-0.dll
0x000000001beb0000 - 0x000000001beb3000 	C:\Program Files\Java\jdk1.8.0_202\jre\bin\api-ms-win-crt-environment-l1-1-0.dll
0x000000001bec0000 - 0x000000001bec3000 	C:\Program Files\Java\jdk1.8.0_202\jre\bin\api-ms-win-crt-filesystem-l1-1-0.dll
0x000000001bed0000 - 0x000000001bed3000 	C:\Program Files\Java\jdk1.8.0_202\jre\bin\api-ms-win-crt-heap-l1-1-0.dll
0x000000001bee0000 - 0x000000001bee3000 	C:\Program Files\Java\jdk1.8.0_202\jre\bin\api-ms-win-crt-locale-l1-1-0.dll
0x000000001bef0000 - 0x000000001bef5000 	C:\Program Files\Java\jdk1.8.0_202\jre\bin\api-ms-win-crt-math-l1-1-0.dll
0x000000001bf00000 - 0x000000001bf05000 	C:\Program Files\Java\jdk1.8.0_202\jre\bin\api-ms-win-crt-multibyte-l1-1-0.dll
0x000000001bf10000 - 0x000000001bf20000 	C:\Program Files\Java\jdk1.8.0_202\jre\bin\api-ms-win-crt-private-l1-1-0.dll
0x000000001bf20000 - 0x000000001bf23000 	C:\Program Files\Java\jdk1.8.0_202\jre\bin\api-ms-win-crt-process-l1-1-0.dll
0x000000001bf30000 - 0x000000001bf34000 	C:\Program Files\Java\jdk1.8.0_202\jre\bin\api-ms-win-crt-runtime-l1-1-0.dll
0x000000001bf40000 - 0x000000001bf44000 	C:\Program Files\Java\jdk1.8.0_202\jre\bin\api-ms-win-crt-stdio-l1-1-0.dll
0x000000001bf50000 - 0x000000001bf54000 	C:\Program Files\Java\jdk1.8.0_202\jre\bin\api-ms-win-crt-string-l1-1-0.dll
0x000000001bf60000 - 0x000000001bf63000 	C:\Program Files\Java\jdk1.8.0_202\jre\bin\api-ms-win-crt-time-l1-1-0.dll
0x000000001bf70000 - 0x000000001bf73000 	C:\Program Files\Java\jdk1.8.0_202\jre\bin\api-ms-win-crt-utility-l1-1-0.dll
0x00007ff99f3d0000 - 0x00007ff99f4c6000 	C:\Program Files\Java\jdk1.8.0_202\jre\bin\ucrtbase.dll
0x00007ff9cb990000 - 0x00007ff9cb9a6000 	C:\Program Files\Java\jdk1.8.0_202\jre\bin\vcruntime140.dll
0x00007ff9a07a0000 - 0x00007ff9a083c000 	C:\Program Files\Java\jdk1.8.0_202\jre\bin\msvcp140.dll
0x00007ff9a3720000 - 0x00007ff9a3771000 	C:\Program Files\Java\jdk1.8.0_202\jre\bin\concrt140.dll
0x00007ff9b86e0000 - 0x00007ff9b8703000 	C:\Program Files\Java\jdk1.8.0_202\jre\bin\prism_d3d.dll
0x00007ff996990000 - 0x00007ff996b27000 	C:\WINDOWS\system32\d3d9.dll
0x00007ff9d1d30000 - 0x00007ff9d1d59000 	C:\WINDOWS\SYSTEM32\dwmapi.dll
0x00007ff9d1ae0000 - 0x00007ff9d1b78000 	C:\WINDOWS\system32\uxtheme.dll
0x00007ff983900000 - 0x00007ff9890e4000 	C:\WINDOWS\System32\DriverStore\FileRepository\ki119570.inf_amd64_458e9c30a1e8c8c8\igdumdim64.dll
0x00007ff9d7590000 - 0x00007ff9d7652000 	C:\WINDOWS\System32\OLEAUT32.dll
0x00007ff9d5270000 - 0x00007ff9d53c1000 	C:\WINDOWS\System32\ole32.dll
0x00007ff9d5680000 - 0x00007ff9d5acb000 	C:\WINDOWS\System32\SETUPAPI.dll
0x00007ff9b85b0000 - 0x00007ff9b85f9000 	C:\Program Files\Java\jdk1.8.0_202\jre\bin\glass.dll
0x00007ff9d7790000 - 0x00007ff9d787d000 	C:\WINDOWS\System32\COMDLG32.dll
0x00007ff9d5500000 - 0x00007ff9d5673000 	C:\WINDOWS\System32\MSCTF.dll
0x00007ff9cbc70000 - 0x00007ff9ccdcd000 	C:\WINDOWS\System32\DriverStore\FileRepository\ki119570.inf_amd64_458e9c30a1e8c8c8\igc64.dll
0x00007ff9b9740000 - 0x00007ff9b9754000 	C:\Program Files\Java\jdk1.8.0_202\jre\bin\javafx_font.dll
0x00007ff9c6ce0000 - 0x00007ff9c6ffc000 	C:\WINDOWS\SYSTEM32\dwrite.dll
0x00007ff9d7910000 - 0x00007ff9d79b0000 	C:\WINDOWS\System32\clbcatq.dll
0x00007ff9cfac0000 - 0x00007ff9cfc6e000 	C:\WINDOWS\SYSTEM32\WindowsCodecs.dll
0x00007ff9b0f60000 - 0x00007ff9b0fb8000 	C:\WINDOWS\system32\dataexchange.dll
0x00007ff9d0d30000 - 0x00007ff9d0ecc000 	C:\WINDOWS\system32\dcomp.dll
0x00007ff9d0440000 - 0x00007ff9d074b000 	C:\WINDOWS\system32\d3d11.dll
0x00007ff9d4cf0000 - 0x00007ff9d4dab000 	C:\WINDOWS\System32\dxgi.dll
0x00007ff9d1e70000 - 0x00007ff9d2028000 	C:\WINDOWS\system32\twinapi.appcore.dll
0x00007ff9d1e10000 - 0x00007ff9d1e39000 	C:\WINDOWS\system32\RMCLIENT.dll
0x00007ff9b1d90000 - 0x00007ff9b1dc4000 	C:\Program Files\Common Files\Microsoft Shared\Ink\rtscom.dll
0x00007ff9c8930000 - 0x00007ff9c89c6000 	C:\WINDOWS\System32\TextInputFramework.dll
0x00007ff9cf5a0000 - 0x00007ff9cf8be000 	C:\WINDOWS\System32\CoreUIComponents.dll
0x00007ff9d1210000 - 0x00007ff9d12ea000 	C:\WINDOWS\System32\CoreMessaging.dll
0x00007ff9cf410000 - 0x00007ff9cf55d000 	C:\WINDOWS\SYSTEM32\wintypes.dll
0x00007ff9d2bd0000 - 0x00007ff9d2c01000 	C:\WINDOWS\SYSTEM32\ntmarta.dll

VM Arguments:
jvm_args: -javaagent:G:\Program Files\JetBrains\IntelliJ IDEA 2018.3.5\lib\idea_rt.jar=54438:G:\Program Files\JetBrains\IntelliJ IDEA 2018.3.5\bin -Dfile.encoding=UTF-8 
java_command: base.Main
java_class_path (initial): C:\Program Files\Java\jdk1.8.0_202\jre\lib\charsets.jar;C:\Program Files\Java\jdk1.8.0_202\jre\lib\deploy.jar;C:\Program Files\Java\jdk1.8.0_202\jre\lib\ext\access-bridge-64.jar;C:\Program Files\Java\jdk1.8.0_202\jre\lib\ext\cldrdata.jar;C:\Program Files\Java\jdk1.8.0_202\jre\lib\ext\dnsns.jar;C:\Program Files\Java\jdk1.8.0_202\jre\lib\ext\jaccess.jar;C:\Program Files\Java\jdk1.8.0_202\jre\lib\ext\jfxrt.jar;C:\Program Files\Java\jdk1.8.0_202\jre\lib\ext\localedata.jar;C:\Program Files\Java\jdk1.8.0_202\jre\lib\ext\nashorn.jar;C:\Program Files\Java\jdk1.8.0_202\jre\lib\ext\sunec.jar;C:\Program Files\Java\jdk1.8.0_202\jre\lib\ext\sunjce_provider.jar;C:\Program Files\Java\jdk1.8.0_202\jre\lib\ext\sunmscapi.jar;C:\Program Files\Java\jdk1.8.0_202\jre\lib\ext\sunpkcs11.jar;C:\Program Files\Java\jdk1.8.0_202\jre\lib\ext\zipfs.jar;C:\Program Files\Java\jdk1.8.0_202\jre\lib\javaws.jar;C:\Program Files\Java\jdk1.8.0_202\jre\lib\jce.jar;C:\Program Files\Java\jdk1.8.0_202\jre\lib\jfr.jar;C:\Program Files\Java\jdk1.8.0_202\jre\lib\jfxswt.jar;C:\Program Files\Java\jdk1.8.0_202\jre\lib\jsse.jar;C:\Program Files\Java\jdk1.8.0_202\jre\lib\management-agent.jar;C:\Program Files\Java\jdk1.8.0_202\jre\lib\plugin.jar;C:\Program Files\Java\jdk1.8.0_202\jre\lib\resources.jar;C:\Program Files\Java\jdk1.8.0_202\jre\lib\rt.jar;E:\大学\学习\CS\CS3733\CS3733-D19-Team-C-Project\out\production\classes;E:\大学\学习\CS\CS3733\CS3733-D19-Team-C-Project\out\production\resources;C:\Users\yingwenjing\.gradle\caches\modules-2\files-2.1\junit\junit\4.12\2973d150c0dc1fefe998f834810d68f278ea58ec\junit-4.12.jar;C:\Users\yingwenjing\.gradle\caches\modules-2\files-2.1\com.jfoenix\jfoenix\8.0.8\143b2fd4929ee36955aa41f1e7d2498188ef2cd0\jfoenix-8.0.8.jar;C:\Users\yingwenjing\.gradle\caches\modules-2\files-2.1\org.apache.derby\derby\10.14.2.0\7efad40ef52fbb1f08142f07a83b42d29e47d8ce\derby-10.14.2.0.jar;C:\Users\yingwenjing\.gradle\caches\modules-2\files-2.1\org.apache.derby\derbyclien
Launcher Type: SUN_STANDARD

Environment Variables:
PATH=C:\Program Files (x86)\Common Files\Oracle\Java\javapath;C:\Program Files\Microsoft MPI\Bin\;C:\ProgramData\Oracle\Java\javapath;C:\Program Files (x86)\Intel\iCLS Client\;C:\Program Files\Intel\iCLS Client\;C:\WINDOWS\system32;C:\WINDOWS;C:\WINDOWS\System32\Wbem;C:\WINDOWS\System32\WindowsPowerShell\v1.0\;C:\Program Files (x86)\Intel\Intel(R) Management Engine Components\DAL;C:\Program Files\Intel\Intel(R) Management Engine Components\DAL;C:\Program Files (x86)\Intel\Intel(R) Management Engine Components\IPT;C:\Program Files\Intel\Intel(R) Management Engine Components\IPT;C:\Program Files (x86)\PuTTY\;C:\Program Files\dotnet\;C:\WINDOWS\System32\OpenSSH\;C:\Program Files\Intel\WiFi\bin\;C:\Program Files\Common Files\Intel\WirelessCommon\;F:\MathworksPrograms\bin;D:\Program Files (x86)\Sybase\Shared\PowerBuilder;C:\Program Files\Git\cmd;C:\Users\yingwenjing\AppData\Local\Programs\Python\Python36-32\Scripts\;C:\Users\yingwenjing\AppData\Local\Programs\Python\Python36-32\;C:\Users\yingwenjing\AppData\Local\Microsoft\WindowsApps;C:\ProgramData\yingwenjing\atom\bin;C:\Users\yingwenjing\AppData\Local\atom\bin;C:\Android\tools;C:\Android\platform-tools;C:\Users\yingwenjing\AppData\Local\Microsoft\WindowsApps;C:\Users\yingwenjing\AppData\Local\GitHubDesktop\bin
USERNAME=yingwenjing
OS=Windows_NT
PROCESSOR_IDENTIFIER=Intel64 Family 6 Model 142 Stepping 9, GenuineIntel



---------------  S Y S T E M  ---------------

OS: Windows 10.0 , 64 bit Build 17134 (10.0.17134.706)

CPU:total 4 (initial active 4) (2 cores per cpu, 2 threads per core) family 6 model 142 stepping 9, cmov, cx8, fxsr, mmx, sse, sse2, sse3, ssse3, sse4.1, sse4.2, popcnt, avx, avx2, aes, clmul, erms, 3dnowpref, lzcnt, ht, tsc, tscinvbit, bmi1, bmi2, adx

Memory: 4k page, physical 8245136k(334784k free), swap 14799200k(1172k free)

vm_info: Java HotSpot(TM) 64-Bit Server VM (25.202-b08) for windows-amd64 JRE (1.8.0_202-b08), built on Dec 15 2018 19:54:30 by "java_re" with MS VC++ 10.0 (VS2010)

time: Tue Apr 23 14:38:24 2019
timezone: 东部夏令时
elapsed time: 13 seconds (0d 0h 0m 13s)

