#
# There is insufficient memory for the Java Runtime Environment to continue.
# Native memory allocation (malloc) failed to allocate 32744 bytes for ChunkPool::allocate
# Possible reasons:
#   The system is out of physical RAM or swap space
#   The process is running with CompressedOops enabled, and the Java Heap may be blocking the growth of the native heap
# Possible solutions:
#   Reduce memory load on the system
#   Increase physical memory or swap space
#   Check if swap backing store is full
#   Decrease Java heap size (-Xmx/-Xms)
#   Decrease number of Java threads
#   Decrease Java thread stack sizes (-Xss)
#   Set larger code cache with -XX:ReservedCodeCacheSize=
#   JVM is running with Unscaled Compressed Oops mode in which the Java heap is
#     placed in the first 4GB address space. The Java Heap base address is the
#     maximum limit for the native heap growth. Please use -XX:HeapBaseMinAddress
#     to set the Java Heap base and to place the Java Heap above 4GB virtual address.
# This output file may be truncated or incomplete.
#
#  Out of Memory Error (allocation.cpp:272), pid=18268, tid=0x0000000000003698
#
# JRE version: Java(TM) SE Runtime Environment (8.0_202-b08) (build 1.8.0_202-b08)
# Java VM: Java HotSpot(TM) 64-Bit Server VM (25.202-b08 mixed mode windows-amd64 compressed oops)
# Failed to write core dump. Minidumps are not enabled by default on client versions of Windows
#

---------------  T H R E A D  ---------------

Current thread (0x000000001901d800):  JavaThread "C2 CompilerThread0" daemon [_thread_in_native, id=13976, stack(0x00000000194a0000,0x00000000195a0000)]

Stack: [0x00000000194a0000,0x00000000195a0000]
[error occurred during error reporting (printing stack bounds), id 0xc0000005]

Native frames: (J=compiled Java code, j=interpreted, Vv=VM code, C=native code)


Current CompileTask:
C2: 261415 5109       4      
[error occurred during error reporting (printing current compile task), id 0xe0000001]


---------------  P R O C E S S  ---------------

Java Threads: ( => current thread )
  0x000000001a83b800 JavaThread "Prism Font Disposer" daemon [_thread_blocked, id=19668, stack(0x0000000025fe0000,0x00000000260e0000)]
  0x000000001a1aa800 JavaThread "Thread-5" daemon [_thread_in_native, id=19204, stack(0x0000000021e10000,0x0000000021f10000)]
  0x0000000019d65000 JavaThread "JavaFX Application Thread" [_thread_in_native, id=6096, stack(0x000000001d580000,0x000000001d680000)]
  0x0000000019ddb800 JavaThread "Thread-4" daemon [_thread_blocked, id=3264, stack(0x000000001d480000,0x000000001d580000)]
  0x000000001a1b1000 JavaThread "QuantumRenderer-0" daemon [_thread_blocked, id=22956, stack(0x000000001d1c0000,0x000000001d2c0000)]
  0x000000001ae43000 JavaThread "JavaFX-Launcher" [_thread_blocked, id=20372, stack(0x000000001cc40000,0x000000001cd40000)]
  0x0000000019d58800 JavaThread "derby.rawStoreDaemon" daemon [_thread_blocked, id=6388, stack(0x000000001b270000,0x000000001b370000)]
  0x000000001a045000 JavaThread "Timer-0" daemon [_thread_blocked, id=18236, stack(0x000000001b170000,0x000000001b270000)]
  0x00000000190ba000 JavaThread "Service Thread" daemon [_thread_blocked, id=19808, stack(0x00000000197a0000,0x00000000198a0000)]
  0x00000000190aa000 JavaThread "C1 CompilerThread2" daemon [_thread_blocked, id=22940, stack(0x00000000196a0000,0x00000000197a0000)]
  0x000000001904a800 JavaThread "C2 CompilerThread1" daemon [_thread_blocked, id=22588, stack(0x00000000195a0000,0x00000000196a0000)]
=>0x000000001901d800 JavaThread "C2 CompilerThread0" daemon [_thread_in_native, id=13976, stack(0x00000000194a0000,0x00000000195a0000)]
  0x000000001902d000 JavaThread "Monitor Ctrl-Break" daemon [_thread_in_native, id=23196, stack(0x00000000193a0000,0x00000000194a0000)]
  0x0000000018de2800 JavaThread "Attach Listener" daemon [_thread_blocked, id=10984, stack(0x00000000192a0000,0x00000000193a0000)]
  0x0000000017a63000 JavaThread "Signal Dispatcher" daemon [_thread_blocked, id=22724, stack(0x00000000191a0000,0x00000000192a0000)]
  0x0000000002f79000 JavaThread "Finalizer" daemon [_thread_blocked, id=1388, stack(0x0000000018ca0000,0x0000000018da0000)]
  0x0000000002f76000 JavaThread "Reference Handler" daemon [_thread_blocked, id=12252, stack(0x0000000018ba0000,0x0000000018ca0000)]
  0x0000000002e86000 JavaThread "main" [_thread_blocked, id=1060, stack(0x0000000002780000,0x0000000002880000)]

Other Threads:
  0x0000000017a17800 VMThread [stack: 0x0000000018aa0000,0x0000000018ba0000] [id=12800]
  0x000000001916b800 WatcherThread [stack: 0x00000000198a0000,0x00000000199a0000] [id=2764]

VM state:not at safepoint (normal execution)

VM Mutex/Monitor currently owned by a thread: None

OutOfMemory and StackOverflow Exception counts:
OutOfMemoryError java_heap_errors=2

heap address: 0x0000000082200000, size: 2014 MB, Compressed Oops mode: 32-bit
Narrow klass base: 0x0000000000000000, Narrow klass shift: 3
Compressed class space size: 1073741824 Address: 0x0000000100000000

Heap:
 PSYoungGen      total 81408K, used 5953K [0x00000000d6100000, 0x00000000dd500000, 0x0000000100000000)
  eden space 69120K, 8% used [0x00000000d6100000,0x00000000d66d0630,0x00000000da480000)
  from space 12288K, 0% used [0x00000000da480000,0x00000000da480000,0x00000000db080000)
  to   space 11776K, 0% used [0x00000000dc980000,0x00000000dc980000,0x00000000dd500000)
 ParOldGen       total 1375232K, used 609616K [0x0000000082200000, 0x00000000d6100000, 0x00000000d6100000)
  object space 1375232K, 44% used [0x0000000082200000,0x00000000a7554300,0x00000000d6100000)
 Metaspace       used 29656K, capacity 30900K, committed 31232K, reserved 1075200K
  class space    used 3882K, capacity 4502K, committed 4608K, reserved 1048576K

Card table byte_map: [0x0000000012340000,0x0000000012730000] byte_map_base: 0x0000000011f2f000

Marking Bits: (ParMarkBitMap*) 0x0000000068385ce0
 Begin Bits: [0x0000000012dd0000, 0x0000000014d48000)
 End Bits:   [0x0000000014d48000, 0x0000000016cc0000)

Polling page: 0x0000000000b50000

CodeCache: size=245760Kb used=12984Kb max_used=13148Kb free=232775Kb
 bounds [0x0000000002f80000, 0x0000000003c70000, 0x0000000011f80000]
 total_blobs=5231 nmethods=4318 adapters=823
 compilation: enabled

Compilation events (10 events):
Event: 231.508 Thread 0x00000000190aa000 nmethod 5104 0x00000000033fd990 code [0x00000000033fdb20, 0x00000000033fdff0]
Event: 233.507 Thread 0x00000000190aa000 5105       3       javafx.scene.control.Labeled::setText (9 bytes)
Event: 233.507 Thread 0x00000000190aa000 nmethod 5105 0x00000000033ffa90 code [0x00000000033ffc20, 0x00000000034001b8]
Event: 233.508 Thread 0x00000000190aa000 5106       3       javafx.beans.property.StringProperty::setValue (6 bytes)
Event: 233.508 Thread 0x00000000190aa000 nmethod 5106 0x00000000030eb310 code [0x00000000030eb480, 0x00000000030eb688]
Event: 234.515 Thread 0x000000001901d800 5107       4       java.util.Objects::requireNonNull (15 bytes)
Event: 234.516 Thread 0x000000001901d800 nmethod 5107 0x000000000347f5d0 code [0x000000000347f700, 0x000000000347f758]
Event: 246.148 Thread 0x000000001904a800 5108   !   4       javafx.scene.Scene$ScenePulseListener::pulse (397 bytes)
Event: 246.169 Thread 0x000000001904a800 nmethod 5108 0x00000000036fd090 code [0x00000000036fd420, 0x00000000036fe700]
Event: 261.331 Thread 0x000000001901d800 5109       4       com.sun.javafx.tk.quantum.QuantumToolkit::postPulse (148 bytes)

GC Heap History (10 events):
Event: 42.659 GC heap before
{Heap before GC invocations=19 (full 9):
 PSYoungGen      total 81408K, used 67482K [0x00000000d6100000, 0x00000000dd500000, 0x0000000100000000)
  eden space 69120K, 97% used [0x00000000d6100000,0x00000000da2e6918,0x00000000da480000)
  from space 12288K, 0% used [0x00000000da480000,0x00000000da480000,0x00000000db080000)
  to   space 11776K, 64% used [0x00000000dc980000,0x00000000dd0f19d8,0x00000000dd500000)
 ParOldGen       total 436736K, used 385075K [0x0000000082200000, 0x000000009cc80000, 0x00000000d6100000)
  object space 436736K, 88% used [0x0000000082200000,0x0000000099a0cf98,0x000000009cc80000)
 Metaspace       used 29409K, capacity 30606K, committed 30976K, reserved 1075200K
  class space    used 3877K, capacity 4495K, committed 4608K, reserved 1048576K
Event: 42.701 GC heap after
Heap after GC invocations=19 (full 9):
 PSYoungGen      total 81408K, used 67481K [0x00000000d6100000, 0x00000000dd500000, 0x0000000100000000)
  eden space 69120K, 97% used [0x00000000d6100000,0x00000000da2e65c8,0x00000000da480000)
  from space 12288K, 0% used [0x00000000da480000,0x00000000da480000,0x00000000db080000)
  to   space 11776K, 64% used [0x00000000dc980000,0x00000000dd0f19d8,0x00000000dd500000)
 ParOldGen       total 436736K, used 385075K [0x0000000082200000, 0x000000009cc80000, 0x00000000d6100000)
  object space 436736K, 88% used [0x0000000082200000,0x0000000099a0cf98,0x000000009cc80000)
 Metaspace       used 29409K, capacity 30606K, committed 30976K, reserved 1075200K
  class space    used 3877K, capacity 4495K, committed 4608K, reserved 1048576K
}
Event: 59.918 GC heap before
{Heap before GC invocations=20 (full 10):
 PSYoungGen      total 81408K, used 69120K [0x00000000d6100000, 0x00000000dd500000, 0x0000000100000000)
  eden space 69120K, 100% used [0x00000000d6100000,0x00000000da480000,0x00000000da480000)
  from space 12288K, 0% used [0x00000000da480000,0x00000000da480000,0x00000000db080000)
  to   space 11776K, 64% used [0x00000000dc980000,0x00000000dd0f19d8,0x00000000dd500000)
 ParOldGen       total 436736K, used 385075K [0x0000000082200000, 0x000000009cc80000, 0x00000000d6100000)
  object space 436736K, 88% used [0x0000000082200000,0x0000000099a0cf98,0x000000009cc80000)
 Metaspace       used 29474K, capacity 30670K, committed 30976K, reserved 1075200K
  class space    used 3877K, capacity 4495K, committed 4608K, reserved 1048576K
Event: 60.045 GC heap after
Heap after GC invocations=20 (full 10):
 PSYoungGen      total 81408K, used 67418K [0x00000000d6100000, 0x00000000dd500000, 0x0000000100000000)
  eden space 69120K, 97% used [0x00000000d6100000,0x00000000da2d6a50,0x00000000da480000)
  from space 12288K, 0% used [0x00000000da480000,0x00000000da480000,0x00000000db080000)
  to   space 11776K, 64% used [0x00000000dc980000,0x00000000dd0f1998,0x00000000dd500000)
 ParOldGen       total 436736K, used 385074K [0x0000000082200000, 0x000000009cc80000, 0x00000000d6100000)
  object space 436736K, 88% used [0x0000000082200000,0x0000000099a0cbe0,0x000000009cc80000)
 Metaspace       used 29474K, capacity 30670K, committed 30976K, reserved 1075200K
  class space    used 3877K, capacity 4495K, committed 4608K, reserved 1048576K
}
Event: 77.734 GC heap before
{Heap before GC invocations=21 (full 11):
 PSYoungGen      total 81408K, used 68708K [0x00000000d6100000, 0x00000000dd500000, 0x0000000100000000)
  eden space 69120K, 99% used [0x00000000d6100000,0x00000000da419020,0x00000000da480000)
  from space 12288K, 0% used [0x00000000da480000,0x00000000da480000,0x00000000db080000)
  to   space 11776K, 64% used [0x00000000dc980000,0x00000000dd0f1998,0x00000000dd500000)
 ParOldGen       total 436736K, used 385074K [0x0000000082200000, 0x000000009cc80000, 0x00000000d6100000)
  object space 436736K, 88% used [0x0000000082200000,0x0000000099a0cbe0,0x000000009cc80000)
 Metaspace       used 29507K, capacity 30670K, committed 30976K, reserved 1075200K
  class space    used 3877K, capacity 4495K, committed 4608K, reserved 1048576K
Event: 78.122 GC heap after
Heap after GC invocations=21 (full 11):
 PSYoungGen      total 81408K, used 67421K [0x00000000d6100000, 0x00000000dd500000, 0x0000000100000000)
  eden space 69120K, 97% used [0x00000000d6100000,0x00000000da2d7638,0x00000000da480000)
  from space 12288K, 0% used [0x00000000da480000,0x00000000da480000,0x00000000db080000)
  to   space 11776K, 64% used [0x00000000dc980000,0x00000000dd0f1998,0x00000000dd500000)
 ParOldGen       total 436736K, used 381786K [0x0000000082200000, 0x000000009cc80000, 0x00000000d6100000)
  object space 436736K, 87% used [0x0000000082200000,0x00000000996d6818,0x000000009cc80000)
 Metaspace       used 29507K, capacity 30670K, committed 30976K, reserved 1075200K
  class space    used 3877K, capacity 4495K, committed 4608K, reserved 1048576K
}
Event: 108.828 GC heap before
{Heap before GC invocations=22 (full 12):
 PSYoungGen      total 81408K, used 69120K [0x00000000d6100000, 0x00000000dd500000, 0x0000000100000000)
  eden space 69120K, 100% used [0x00000000d6100000,0x00000000da480000,0x00000000da480000)
  from space 12288K, 0% used [0x00000000da480000,0x00000000da480000,0x00000000db080000)
  to   space 11776K, 64% used [0x00000000dc980000,0x00000000dd0f1998,0x00000000dd500000)
 ParOldGen       total 436736K, used 412016K [0x0000000082200000, 0x000000009cc80000, 0x00000000d6100000)
  object space 436736K, 94% used [0x0000000082200000,0x000000009b45c340,0x000000009cc80000)
 Metaspace       used 29573K, capacity 30756K, committed 30976K, reserved 1075200K
  class space    used 3881K, capacity 4500K, committed 4608K, reserved 1048576K
Event: 108.938 GC heap after
Heap after GC invocations=22 (full 12):
 PSYoungGen      total 81408K, used 67446K [0x00000000d6100000, 0x00000000dd500000, 0x0000000100000000)
  eden space 69120K, 97% used [0x00000000d6100000,0x00000000da2ddbf8,0x00000000da480000)
  from space 12288K, 0% used [0x00000000da480000,0x00000000da480000,0x00000000db080000)
  to   space 11776K, 64% used [0x00000000dc980000,0x00000000dd0f1998,0x00000000dd500000)
 ParOldGen       total 1335296K, used 393758K [0x0000000082200000, 0x00000000d3a00000, 0x00000000d6100000)
  object space 1335296K, 29% used [0x0000000082200000,0x000000009a2879d8,0x00000000d3a00000)
 Metaspace       used 29573K, capacity 30756K, committed 30976K, reserved 1075200K
  class space    used 3881K, capacity 4500K, committed 4608K, reserved 1048576K
}
Event: 121.347 GC heap before
{Heap before GC invocations=23 (full 13):
 PSYoungGen      total 81408K, used 69120K [0x00000000d6100000, 0x00000000dd500000, 0x0000000100000000)
  eden space 69120K, 100% used [0x00000000d6100000,0x00000000da480000,0x00000000da480000)
  from space 12288K, 0% used [0x00000000da480000,0x00000000da480000,0x00000000db080000)
  to   space 11776K, 64% used [0x00000000dc980000,0x00000000dd0f1998,0x00000000dd500000)
 ParOldGen       total 1335296K, used 534383K [0x0000000082200000, 0x00000000d3a00000, 0x00000000d6100000)
  object space 1335296K, 40% used [0x0000000082200000,0x00000000a2bdbde8,0x00000000d3a00000)
 Metaspace       used 29585K, capacity 30768K, committed 30976K, reserved 1075200K
  class space    used 3882K, capacity 4502K, committed 4608K, reserved 1048576K
Event: 121.419 GC heap after
Heap after GC invocations=23 (full 13):
 PSYoungGen      total 81408K, used 0K [0x00000000d6100000, 0x00000000dd500000, 0x0000000100000000)
  eden space 69120K, 0% used [0x00000000d6100000,0x00000000d6100000,0x00000000da480000)
  from space 12288K, 0% used [0x00000000da480000,0x00000000da480000,0x00000000db080000)
  to   space 11776K, 0% used [0x00000000dc980000,0x00000000dc980000,0x00000000dd500000)
 ParOldGen       total 1375232K, used 609616K [0x0000000082200000, 0x00000000d6100000, 0x00000000d6100000)
  object space 1375232K, 44% used [0x0000000082200000,0x00000000a7554300,0x00000000d6100000)
 Metaspace       used 29585K, capacity 30768K, committed 30976K, reserved 1075200K
  class space    used 3882K, capacity 4502K, committed 4608K, reserved 1048576K
}

Deoptimization events (10 events):
Event: 82.034 Thread 0x0000000019d65000 Uncommon trap: reason=unstable_if action=reinterpret pc=0x0000000003316e2c method=com.sun.scenario.animation.shared.SimpleClipInterpolator.interpolate(J)V @ 23
Event: 82.483 Thread 0x0000000019d65000 Uncommon trap: reason=class_check action=maybe_recompile pc=0x0000000003c34548 method=javafx.animation.Animation.impl_timePulse(J)V @ 13
Event: 86.437 Thread 0x0000000019d65000 Uncommon trap: reason=class_check action=maybe_recompile pc=0x0000000003c34548 method=javafx.animation.Animation.impl_timePulse(J)V @ 13
Event: 86.437 Thread 0x0000000019ddb800 Uncommon trap: reason=unstable_if action=reinterpret pc=0x0000000003c2bd94 method=java.util.concurrent.LinkedBlockingDeque.unlinkFirst()Ljava/lang/Object; @ 37
Event: 121.339 Thread 0x0000000019d65000 Uncommon trap: reason=unstable_if action=reinterpret pc=0x0000000003a91a0c method=java.lang.ref.SoftReference.get()Ljava/lang/Object; @ 6
Event: 121.341 Thread 0x0000000019d65000 Uncommon trap: reason=unstable_if action=reinterpret pc=0x0000000003a3b00c method=java.lang.ref.SoftReference.get()Ljava/lang/Object; @ 6
Event: 121.425 Thread 0x0000000019d65000 Uncommon trap: reason=unstable_if action=reinterpret pc=0x0000000003912a18 method=java.io.BufferedInputStream.fill()V @ 219
Event: 121.427 Thread 0x0000000019d65000 Uncommon trap: reason=unstable_if action=reinterpret pc=0x00000000036e5c4c method=javafx.scene.Scene$ScenePulseListener.focusCleanup()V @ 7
Event: 220.780 Thread 0x000000001a1aa800 Uncommon trap: reason=unstable_if action=reinterpret pc=0x00000000030b7e3c method=java.util.concurrent.atomic.AtomicBoolean.getAndSet(Z)Z @ 11
Event: 224.501 Thread 0x0000000019d65000 Uncommon trap: reason=unstable_if action=reinterpret pc=0x0000000003c34614 method=com.sun.scenario.animation.shared.InfiniteClipEnvelope.timePulse(J)V @ 245

Classes redefined (0 events):
No events

Internal exceptions (10 events):
Event: 14.149 Thread 0x000000001a83c800 Exception <a 'java/lang/OutOfMemoryError'> (0x000000008231b528) thrown at [C:\re\workspace\8-2-build-windows-amd64-cygwin\jdk8u202\12323\hotspot\src\share\vm\gc_interface/collectedHeap.inline.hpp, line 159]
Event: 42.514 Thread 0x0000000019d65000 Implicit null exception at 0x0000000003995680 to 0x0000000003995aed
Event: 42.515 Thread 0x0000000019d65000 Exception <a 'java/io/FileNotFoundException'> (0x00000000da42daa0) thrown at [C:\re\workspace\8-2-build-windows-amd64-cygwin\jdk8u202\12323\hotspot\src\share\vm\prims\jni.cpp, line 710]
Event: 42.702 Thread 0x0000000019d65000 Exception <a 'java/lang/OutOfMemoryError'> (0x000000008231af10) thrown at [C:\re\workspace\8-2-build-windows-amd64-cygwin\jdk8u202\12323\hotspot\src\share\vm\gc_interface/collectedHeap.inline.hpp, line 159]
Event: 79.534 Thread 0x000000001a1b1000 Implicit null exception at 0x0000000003accfa2 to 0x0000000003ad1255
Event: 79.542 Thread 0x000000001a1b1000 Implicit null exception at 0x0000000003ad8c24 to 0x0000000003add459
Event: 120.608 Thread 0x0000000019d65000 Exception <a 'java/io/FileNotFoundException'> (0x00000000da3a0e90) thrown at [C:\re\workspace\8-2-build-windows-amd64-cygwin\jdk8u202\12323\hotspot\src\share\vm\prims\jni.cpp, line 710]
Event: 121.339 Thread 0x0000000019d65000 Implicit null exception at 0x0000000003a914b8 to 0x0000000003a919e5
Event: 121.341 Thread 0x0000000019d65000 Implicit null exception at 0x0000000003a3aa83 to 0x0000000003a3afed
Event: 121.420 Thread 0x0000000019d65000 Exception <a 'java/io/FileNotFoundException'> (0x00000000d6102f08) thrown at [C:\re\workspace\8-2-build-windows-amd64-cygwin\jdk8u202\12323\hotspot\src\share\vm\prims\jni.cpp, line 710]

Events (10 events):
Event: 231.508 Thread 0x00000000190aa000 flushing nmethod 0x00000000030eaf10
Event: 233.508 Thread 0x00000000190aa000 flushing nmethod 0x00000000031a2350
Event: 233.508 Thread 0x00000000190aa000 flushing nmethod 0x00000000031f1710
Event: 233.508 Thread 0x00000000190aa000 flushing nmethod 0x0000000003244150
Event: 233.508 Thread 0x00000000190aa000 flushing nmethod 0x000000000325e490
Event: 234.516 Thread 0x000000001901d800 flushing nmethod 0x00000000032db3d0
Event: 234.516 Thread 0x000000001901d800 flushing nmethod 0x00000000032decd0
Event: 234.516 Thread 0x000000001901d800 flushing nmethod 0x00000000032dfd50
Event: 234.516 Thread 0x000000001901d800 flushing nmethod 0x00000000032e0790
Event: 234.516 Thread 0x000000001901d800 flushing nmethod 0x00000000032e1e90


Dynamic libraries:
0x00007ff620d90000 - 0x00007ff620dc7000 	C:\Program Files\Java\jdk1.8.0_202\bin\java.exe
0x00007ff9d7ad0000 - 0x00007ff9d7cb1000 	C:\WINDOWS\SYSTEM32\ntdll.dll
0x00007ff9d7240000 - 0x00007ff9d72f1000 	C:\WINDOWS\System32\KERNEL32.DLL
0x00007ff9d3df0000 - 0x00007ff9d4063000 	C:\WINDOWS\System32\KERNELBASE.dll
0x00007ff9d53e0000 - 0x00007ff9d5481000 	C:\WINDOWS\System32\ADVAPI32.dll
0x00007ff9d4db0000 - 0x00007ff9d4e4e000 	C:\WINDOWS\System32\msvcrt.dll
0x00007ff9d54a0000 - 0x00007ff9d54fb000 	C:\WINDOWS\System32\sechost.dll
0x00007ff9d7660000 - 0x00007ff9d7784000 	C:\WINDOWS\System32\RPCRT4.dll
0x00007ff9d70b0000 - 0x00007ff9d7240000 	C:\WINDOWS\System32\USER32.dll
0x00007ff9d4b50000 - 0x00007ff9d4b70000 	C:\WINDOWS\System32\win32u.dll
0x00007ff9d7320000 - 0x00007ff9d7348000 	C:\WINDOWS\System32\GDI32.dll
0x00007ff9d3ba0000 - 0x00007ff9d3d32000 	C:\WINDOWS\System32\gdi32full.dll
0x00007ff9d4c50000 - 0x00007ff9d4cef000 	C:\WINDOWS\System32\msvcp_win.dll
0x00007ff9d4830000 - 0x00007ff9d4928000 	C:\WINDOWS\System32\ucrtbase.dll
0x00007ff9c1440000 - 0x00007ff9c16a9000 	C:\WINDOWS\WinSxS\amd64_microsoft.windows.common-controls_6595b64144ccf1df_6.0.17134.706_none_fb43a2cb30647007\COMCTL32.dll
0x00007ff9d4f40000 - 0x00007ff9d5262000 	C:\WINDOWS\System32\combase.dll
0x00007ff9d4bc0000 - 0x00007ff9d4c3a000 	C:\WINDOWS\System32\bcryptPrimitives.dll
0x00007ff9d79b0000 - 0x00007ff9d79dd000 	C:\WINDOWS\System32\IMM32.DLL
0x0000000068410000 - 0x00000000684e2000 	C:\Program Files\Java\jdk1.8.0_202\jre\bin\msvcr100.dll
0x0000000067b60000 - 0x0000000068405000 	C:\Program Files\Java\jdk1.8.0_202\jre\bin\server\jvm.dll
0x00007ff9d4b20000 - 0x00007ff9d4b43000 	C:\WINDOWS\System32\WINMM.dll
0x00007ff9d3b20000 - 0x00007ff9d3b4a000 	C:\WINDOWS\System32\WINMMBASE.dll
0x00007ff9d3d40000 - 0x00007ff9d3d89000 	C:\WINDOWS\System32\cfgmgr32.dll
0x00007ff9d53d0000 - 0x00007ff9d53d8000 	C:\WINDOWS\System32\PSAPI.DLL
0x00007ff9b8c50000 - 0x00007ff9b8c59000 	C:\WINDOWS\SYSTEM32\WSOCK32.dll
0x00007ff9d4ed0000 - 0x00007ff9d4f3c000 	C:\WINDOWS\System32\WS2_32.dll
0x00007ff9c61b0000 - 0x00007ff9c61ba000 	C:\WINDOWS\SYSTEM32\VERSION.dll
0x00007ff9cae40000 - 0x00007ff9cae4f000 	C:\Program Files\Java\jdk1.8.0_202\jre\bin\verify.dll
0x00007ff9bdc70000 - 0x00007ff9bdc99000 	C:\Program Files\Java\jdk1.8.0_202\jre\bin\java.dll
0x00007ff9c65f0000 - 0x00007ff9c6613000 	C:\Program Files\Java\jdk1.8.0_202\jre\bin\instrument.dll
0x00007ff9c3ff0000 - 0x00007ff9c4006000 	C:\Program Files\Java\jdk1.8.0_202\jre\bin\zip.dll
0x00007ff9d5ad0000 - 0x00007ff9d6f10000 	C:\WINDOWS\System32\SHELL32.dll
0x00007ff9d7450000 - 0x00007ff9d74f9000 	C:\WINDOWS\System32\shcore.dll
0x00007ff9d4120000 - 0x00007ff9d482d000 	C:\WINDOWS\System32\windows.storage.dll
0x00007ff9d79e0000 - 0x00007ff9d7a31000 	C:\WINDOWS\System32\shlwapi.dll
0x00007ff9d3b50000 - 0x00007ff9d3b61000 	C:\WINDOWS\System32\kernel.appcore.dll
0x00007ff9d3b00000 - 0x00007ff9d3b1f000 	C:\WINDOWS\System32\profapi.dll
0x00007ff9d4b70000 - 0x00007ff9d4bbc000 	C:\WINDOWS\System32\powrprof.dll
0x00007ff9d3b90000 - 0x00007ff9d3b9a000 	C:\WINDOWS\System32\FLTLIB.DLL
0x00007ff9cb990000 - 0x00007ff9cb9aa000 	G:\Program Files\JetBrains\IntelliJ IDEA 2018.3.5\bin\breakgen64.dll
0x00007ff9c1b50000 - 0x00007ff9c1b6a000 	C:\Program Files\Java\jdk1.8.0_202\jre\bin\net.dll
0x00007ff9c7220000 - 0x00007ff9c73e8000 	C:\WINDOWS\SYSTEM32\urlmon.dll
0x00007ff9c75a0000 - 0x00007ff9c7846000 	C:\WINDOWS\SYSTEM32\iertutil.dll
0x00007ff9d34d0000 - 0x00007ff9d34db000 	C:\WINDOWS\SYSTEM32\CRYPTBASE.DLL
0x00007ff9d3300000 - 0x00007ff9d3366000 	C:\WINDOWS\system32\mswsock.dll
0x00007ff9c04f0000 - 0x00007ff9c04fd000 	C:\Program Files\Java\jdk1.8.0_202\jre\bin\management.dll
0x00007ff9bebe0000 - 0x00007ff9bebf2000 	C:\Program Files\Java\jdk1.8.0_202\jre\bin\nio.dll
0x00007ff9d34b0000 - 0x00007ff9d34c7000 	C:\WINDOWS\SYSTEM32\CRYPTSP.dll
0x00007ff9d2ee0000 - 0x00007ff9d2f13000 	C:\WINDOWS\system32\rsaenh.dll
0x00007ff9d3640000 - 0x00007ff9d3665000 	C:\WINDOWS\SYSTEM32\bcrypt.dll
0x00007ff9d3a30000 - 0x00007ff9d3a58000 	C:\WINDOWS\SYSTEM32\USERENV.dll
0x00007ff9d3080000 - 0x00007ff9d30b8000 	C:\WINDOWS\SYSTEM32\IPHLPAPI.DLL
0x00007ff9d7500000 - 0x00007ff9d7508000 	C:\WINDOWS\System32\NSI.dll
0x00007ff9c9200000 - 0x00007ff9c9216000 	C:\WINDOWS\SYSTEM32\dhcpcsvc6.DLL
0x00007ff9c92f0000 - 0x00007ff9c930a000 	C:\WINDOWS\SYSTEM32\dhcpcsvc.DLL
0x000000001cd40000 - 0x000000001cd43000 	C:\Program Files\Java\jdk1.8.0_202\jre\bin\api-ms-win-core-console-l1-1-0.dll
0x000000001cd50000 - 0x000000001cd53000 	C:\Program Files\Java\jdk1.8.0_202\jre\bin\api-ms-win-core-datetime-l1-1-0.dll
0x000000001cd60000 - 0x000000001cd63000 	C:\Program Files\Java\jdk1.8.0_202\jre\bin\api-ms-win-core-debug-l1-1-0.dll
0x000000001cd70000 - 0x000000001cd73000 	C:\Program Files\Java\jdk1.8.0_202\jre\bin\api-ms-win-core-errorhandling-l1-1-0.dll
0x000000001cd80000 - 0x000000001cd84000 	C:\Program Files\Java\jdk1.8.0_202\jre\bin\api-ms-win-core-file-l1-1-0.dll
0x000000001cd90000 - 0x000000001cd93000 	C:\Program Files\Java\jdk1.8.0_202\jre\bin\api-ms-win-core-file-l1-2-0.dll
0x000000001cda0000 - 0x000000001cda3000 	C:\Program Files\Java\jdk1.8.0_202\jre\bin\api-ms-win-core-file-l2-1-0.dll
0x000000001cdb0000 - 0x000000001cdb3000 	C:\Program Files\Java\jdk1.8.0_202\jre\bin\api-ms-win-core-handle-l1-1-0.dll
0x000000001cdc0000 - 0x000000001cdc3000 	C:\Program Files\Java\jdk1.8.0_202\jre\bin\api-ms-win-core-heap-l1-1-0.dll
0x000000001cdd0000 - 0x000000001cdd3000 	C:\Program Files\Java\jdk1.8.0_202\jre\bin\api-ms-win-core-interlocked-l1-1-0.dll
0x000000001cde0000 - 0x000000001cde3000 	C:\Program Files\Java\jdk1.8.0_202\jre\bin\api-ms-win-core-libraryloader-l1-1-0.dll
0x000000001cdf0000 - 0x000000001cdf3000 	C:\Program Files\Java\jdk1.8.0_202\jre\bin\api-ms-win-core-localization-l1-2-0.dll
0x000000001ce00000 - 0x000000001ce03000 	C:\Program Files\Java\jdk1.8.0_202\jre\bin\api-ms-win-core-memory-l1-1-0.dll
0x000000001ce10000 - 0x000000001ce13000 	C:\Program Files\Java\jdk1.8.0_202\jre\bin\api-ms-win-core-namedpipe-l1-1-0.dll
0x000000001ce20000 - 0x000000001ce23000 	C:\Program Files\Java\jdk1.8.0_202\jre\bin\api-ms-win-core-processenvironment-l1-1-0.dll
0x000000001ce30000 - 0x000000001ce33000 	C:\Program Files\Java\jdk1.8.0_202\jre\bin\api-ms-win-core-processthreads-l1-1-0.dll
0x000000001ce40000 - 0x000000001ce43000 	C:\Program Files\Java\jdk1.8.0_202\jre\bin\api-ms-win-core-processthreads-l1-1-1.dll
0x000000001ce50000 - 0x000000001ce53000 	C:\Program Files\Java\jdk1.8.0_202\jre\bin\api-ms-win-core-profile-l1-1-0.dll
0x000000001ce60000 - 0x000000001ce63000 	C:\Program Files\Java\jdk1.8.0_202\jre\bin\api-ms-win-core-rtlsupport-l1-1-0.dll
0x000000001ce70000 - 0x000000001ce73000 	C:\Program Files\Java\jdk1.8.0_202\jre\bin\api-ms-win-core-string-l1-1-0.dll
0x000000001ce80000 - 0x000000001ce83000 	C:\Program Files\Java\jdk1.8.0_202\jre\bin\api-ms-win-core-synch-l1-1-0.dll
0x000000001ce90000 - 0x000000001ce93000 	C:\Program Files\Java\jdk1.8.0_202\jre\bin\api-ms-win-core-synch-l1-2-0.dll
0x000000001cea0000 - 0x000000001cea3000 	C:\Program Files\Java\jdk1.8.0_202\jre\bin\api-ms-win-core-sysinfo-l1-1-0.dll
0x000000001ceb0000 - 0x000000001ceb3000 	C:\Program Files\Java\jdk1.8.0_202\jre\bin\api-ms-win-core-timezone-l1-1-0.dll
0x000000001cec0000 - 0x000000001cec3000 	C:\Program Files\Java\jdk1.8.0_202\jre\bin\api-ms-win-core-util-l1-1-0.dll
0x000000001ced0000 - 0x000000001ced3000 	C:\Program Files\Java\jdk1.8.0_202\jre\bin\api-ms-win-crt-conio-l1-1-0.dll
0x000000001cee0000 - 0x000000001cee4000 	C:\Program Files\Java\jdk1.8.0_202\jre\bin\api-ms-win-crt-convert-l1-1-0.dll
0x000000001cef0000 - 0x000000001cef3000 	C:\Program Files\Java\jdk1.8.0_202\jre\bin\api-ms-win-crt-environment-l1-1-0.dll
0x000000001cf00000 - 0x000000001cf03000 	C:\Program Files\Java\jdk1.8.0_202\jre\bin\api-ms-win-crt-filesystem-l1-1-0.dll
0x000000001cf10000 - 0x000000001cf13000 	C:\Program Files\Java\jdk1.8.0_202\jre\bin\api-ms-win-crt-heap-l1-1-0.dll
0x000000001cf20000 - 0x000000001cf23000 	C:\Program Files\Java\jdk1.8.0_202\jre\bin\api-ms-win-crt-locale-l1-1-0.dll
0x000000001cf30000 - 0x000000001cf35000 	C:\Program Files\Java\jdk1.8.0_202\jre\bin\api-ms-win-crt-math-l1-1-0.dll
0x000000001cf40000 - 0x000000001cf45000 	C:\Program Files\Java\jdk1.8.0_202\jre\bin\api-ms-win-crt-multibyte-l1-1-0.dll
0x000000001cf50000 - 0x000000001cf60000 	C:\Program Files\Java\jdk1.8.0_202\jre\bin\api-ms-win-crt-private-l1-1-0.dll
0x000000001cf60000 - 0x000000001cf63000 	C:\Program Files\Java\jdk1.8.0_202\jre\bin\api-ms-win-crt-process-l1-1-0.dll
0x000000001cf70000 - 0x000000001cf74000 	C:\Program Files\Java\jdk1.8.0_202\jre\bin\api-ms-win-crt-runtime-l1-1-0.dll
0x000000001cf80000 - 0x000000001cf84000 	C:\Program Files\Java\jdk1.8.0_202\jre\bin\api-ms-win-crt-stdio-l1-1-0.dll
0x000000001cf90000 - 0x000000001cf94000 	C:\Program Files\Java\jdk1.8.0_202\jre\bin\api-ms-win-crt-string-l1-1-0.dll
0x000000001cfa0000 - 0x000000001cfa3000 	C:\Program Files\Java\jdk1.8.0_202\jre\bin\api-ms-win-crt-time-l1-1-0.dll
0x000000001cfb0000 - 0x000000001cfb3000 	C:\Program Files\Java\jdk1.8.0_202\jre\bin\api-ms-win-crt-utility-l1-1-0.dll
0x00007ff9c64f0000 - 0x00007ff9c65e6000 	C:\Program Files\Java\jdk1.8.0_202\jre\bin\ucrtbase.dll
0x00007ff9cafd0000 - 0x00007ff9cafe6000 	C:\Program Files\Java\jdk1.8.0_202\jre\bin\vcruntime140.dll
0x00007ff9bee60000 - 0x00007ff9beefc000 	C:\Program Files\Java\jdk1.8.0_202\jre\bin\msvcp140.dll
0x00007ff9bb930000 - 0x00007ff9bb981000 	C:\Program Files\Java\jdk1.8.0_202\jre\bin\concrt140.dll
0x00007ff9c64c0000 - 0x00007ff9c64e3000 	C:\Program Files\Java\jdk1.8.0_202\jre\bin\prism_d3d.dll
0x00007ff996990000 - 0x00007ff996b27000 	C:\WINDOWS\system32\d3d9.dll
0x00007ff9d1d30000 - 0x00007ff9d1d59000 	C:\WINDOWS\SYSTEM32\dwmapi.dll
0x00007ff9d1ae0000 - 0x00007ff9d1b78000 	C:\WINDOWS\system32\uxtheme.dll
0x00007ff983900000 - 0x00007ff9890e4000 	C:\WINDOWS\System32\DriverStore\FileRepository\ki119570.inf_amd64_458e9c30a1e8c8c8\igdumdim64.dll
0x00007ff9d7590000 - 0x00007ff9d7652000 	C:\WINDOWS\System32\OLEAUT32.dll
0x00007ff9d5270000 - 0x00007ff9d53c1000 	C:\WINDOWS\System32\ole32.dll
0x00007ff9d5680000 - 0x00007ff9d5acb000 	C:\WINDOWS\System32\SETUPAPI.dll
0x00007ff9bb8e0000 - 0x00007ff9bb929000 	C:\Program Files\Java\jdk1.8.0_202\jre\bin\glass.dll
0x00007ff9d7790000 - 0x00007ff9d787d000 	C:\WINDOWS\System32\COMDLG32.dll
0x00007ff9d5500000 - 0x00007ff9d5673000 	C:\WINDOWS\System32\MSCTF.dll
0x00007ff9cbc70000 - 0x00007ff9ccdcd000 	C:\WINDOWS\System32\DriverStore\FileRepository\ki119570.inf_amd64_458e9c30a1e8c8c8\igc64.dll
0x00007ff9c64a0000 - 0x00007ff9c64b4000 	C:\Program Files\Java\jdk1.8.0_202\jre\bin\javafx_font.dll
0x00007ff9c6ce0000 - 0x00007ff9c6ffc000 	C:\WINDOWS\SYSTEM32\dwrite.dll
0x00007ff9d7910000 - 0x00007ff9d79b0000 	C:\WINDOWS\System32\clbcatq.dll
0x00007ff9cfac0000 - 0x00007ff9cfc6e000 	C:\WINDOWS\SYSTEM32\WindowsCodecs.dll
0x00007ff9b0f60000 - 0x00007ff9b0fb8000 	C:\WINDOWS\system32\dataexchange.dll
0x00007ff9d0440000 - 0x00007ff9d074b000 	C:\WINDOWS\system32\d3d11.dll
0x00007ff9d0d30000 - 0x00007ff9d0ecc000 	C:\WINDOWS\system32\dcomp.dll
0x00007ff9d4cf0000 - 0x00007ff9d4dab000 	C:\WINDOWS\System32\dxgi.dll
0x00007ff9d1e70000 - 0x00007ff9d2028000 	C:\WINDOWS\system32\twinapi.appcore.dll
0x00007ff9d1e10000 - 0x00007ff9d1e39000 	C:\WINDOWS\system32\RMCLIENT.dll
0x00007ff9b1d90000 - 0x00007ff9b1dc4000 	C:\Program Files\Common Files\Microsoft Shared\Ink\rtscom.dll
0x00007ff9c8930000 - 0x00007ff9c89c6000 	C:\WINDOWS\System32\TextInputFramework.dll
0x00007ff9d1210000 - 0x00007ff9d12ea000 	C:\WINDOWS\System32\CoreMessaging.dll
0x00007ff9cf5a0000 - 0x00007ff9cf8be000 	C:\WINDOWS\System32\CoreUIComponents.dll
0x00007ff9d2bd0000 - 0x00007ff9d2c01000 	C:\WINDOWS\SYSTEM32\ntmarta.dll
0x00007ff9cf410000 - 0x00007ff9cf55d000 	C:\WINDOWS\SYSTEM32\wintypes.dll
0x00007ff9c5aa0000 - 0x00007ff9c5ab2000 	C:\Program Files\Java\jdk1.8.0_202\jre\bin\prism_common.dll

VM Arguments:
jvm_args: -javaagent:G:\Program Files\JetBrains\IntelliJ IDEA 2018.3.5\lib\idea_rt.jar=55255:G:\Program Files\JetBrains\IntelliJ IDEA 2018.3.5\bin -Dfile.encoding=UTF-8 
java_command: base.Main
java_class_path (initial): C:\Program Files\Java\jdk1.8.0_202\jre\lib\charsets.jar;C:\Program Files\Java\jdk1.8.0_202\jre\lib\deploy.jar;C:\Program Files\Java\jdk1.8.0_202\jre\lib\ext\access-bridge-64.jar;C:\Program Files\Java\jdk1.8.0_202\jre\lib\ext\cldrdata.jar;C:\Program Files\Java\jdk1.8.0_202\jre\lib\ext\dnsns.jar;C:\Program Files\Java\jdk1.8.0_202\jre\lib\ext\jaccess.jar;C:\Program Files\Java\jdk1.8.0_202\jre\lib\ext\jfxrt.jar;C:\Program Files\Java\jdk1.8.0_202\jre\lib\ext\localedata.jar;C:\Program Files\Java\jdk1.8.0_202\jre\lib\ext\nashorn.jar;C:\Program Files\Java\jdk1.8.0_202\jre\lib\ext\sunec.jar;C:\Program Files\Java\jdk1.8.0_202\jre\lib\ext\sunjce_provider.jar;C:\Program Files\Java\jdk1.8.0_202\jre\lib\ext\sunmscapi.jar;C:\Program Files\Java\jdk1.8.0_202\jre\lib\ext\sunpkcs11.jar;C:\Program Files\Java\jdk1.8.0_202\jre\lib\ext\zipfs.jar;C:\Program Files\Java\jdk1.8.0_202\jre\lib\javaws.jar;C:\Program Files\Java\jdk1.8.0_202\jre\lib\jce.jar;C:\Program Files\Java\jdk1.8.0_202\jre\lib\jfr.jar;C:\Program Files\Java\jdk1.8.0_202\jre\lib\jfxswt.jar;C:\Program Files\Java\jdk1.8.0_202\jre\lib\jsse.jar;C:\Program Files\Java\jdk1.8.0_202\jre\lib\management-agent.jar;C:\Program Files\Java\jdk1.8.0_202\jre\lib\plugin.jar;C:\Program Files\Java\jdk1.8.0_202\jre\lib\resources.jar;C:\Program Files\Java\jdk1.8.0_202\jre\lib\rt.jar;E:\大学\学习\CS\CS3733\CS3733-D19-Team-C-Project\out\production\classes;E:\大学\学习\CS\CS3733\CS3733-D19-Team-C-Project\out\production\resources;C:\Users\yingwenjing\.gradle\caches\modules-2\files-2.1\junit\junit\4.12\2973d150c0dc1fefe998f834810d68f278ea58ec\junit-4.12.jar;C:\Users\yingwenjing\.gradle\caches\modules-2\files-2.1\com.jfoenix\jfoenix\8.0.8\143b2fd4929ee36955aa41f1e7d2498188ef2cd0\jfoenix-8.0.8.jar;C:\Users\yingwenjing\.gradle\caches\modules-2\files-2.1\org.apache.derby\derby\10.14.2.0\7efad40ef52fbb1f08142f07a83b42d29e47d8ce\derby-10.14.2.0.jar;C:\Users\yingwenjing\.gradle\caches\modules-2\files-2.1\org.apache.derby\derbyclien
Launcher Type: SUN_STANDARD

Environment Variables:
PATH=C:\Program Files (x86)\Common Files\Oracle\Java\javapath;C:\Program Files\Microsoft MPI\Bin\;C:\ProgramData\Oracle\Java\javapath;C:\Program Files (x86)\Intel\iCLS Client\;C:\Program Files\Intel\iCLS Client\;C:\WINDOWS\system32;C:\WINDOWS;C:\WINDOWS\System32\Wbem;C:\WINDOWS\System32\WindowsPowerShell\v1.0\;C:\Program Files (x86)\Intel\Intel(R) Management Engine Components\DAL;C:\Program Files\Intel\Intel(R) Management Engine Components\DAL;C:\Program Files (x86)\Intel\Intel(R) Management Engine Components\IPT;C:\Program Files\Intel\Intel(R) Management Engine Components\IPT;C:\Program Files (x86)\PuTTY\;C:\Program Files\dotnet\;C:\WINDOWS\System32\OpenSSH\;C:\Program Files\Intel\WiFi\bin\;C:\Program Files\Common Files\Intel\WirelessCommon\;F:\MathworksPrograms\bin;D:\Program Files (x86)\Sybase\Shared\PowerBuilder;C:\Program Files\Git\cmd;C:\Users\yingwenjing\AppData\Local\Programs\Python\Python36-32\Scripts\;C:\Users\yingwenjing\AppData\Local\Programs\Python\Python36-32\;C:\Users\yingwenjing\AppData\Local\Microsoft\WindowsApps;C:\ProgramData\yingwenjing\atom\bin;C:\Users\yingwenjing\AppData\Local\atom\bin;C:\Android\tools;C:\Android\platform-tools;C:\Users\yingwenjing\AppData\Local\Microsoft\WindowsApps;C:\Users\yingwenjing\AppData\Local\GitHubDesktop\bin
USERNAME=yingwenjing
OS=Windows_NT
PROCESSOR_IDENTIFIER=Intel64 Family 6 Model 142 Stepping 9, GenuineIntel



---------------  S Y S T E M  ---------------

OS: Windows 10.0 , 64 bit Build 17134 (10.0.17134.706)

CPU:total 4 (initial active 4) (2 cores per cpu, 2 threads per core) family 6 model 142 stepping 9, cmov, cx8, fxsr, mmx, sse, sse2, sse3, ssse3, sse4.1, sse4.2, popcnt, avx, avx2, aes, clmul, erms, 3dnowpref, lzcnt, ht, tsc, tscinvbit, bmi1, bmi2, adx

Memory: 4k page, physical 8245136k(1662972k free), swap 14799200k(0k free)

vm_info: Java HotSpot(TM) 64-Bit Server VM (25.202-b08) for windows-amd64 JRE (1.8.0_202-b08), built on Dec 15 2018 19:54:30 by "java_re" with MS VC++ 10.0 (VS2010)

time: Tue Apr 23 14:43:41 2019
timezone: 东部夏令时
elapsed time: 261 seconds (0d 0h 4m 21s)

